<?xml version="1.0" encoding="UTF-8"?>
<testng-results ignored="0" total="17" passed="16" failed="1" skipped="0">
  <reporter-output>
  </reporter-output>
  <suite started-at="2021-05-03T08:15:47 IST" name="Yahoo App Test Automation Suite" finished-at="2021-05-03T08:22:05 IST" duration-ms="378200">
    <groups>
    </groups>
    <test started-at="2021-05-03T08:15:47 IST" name="Yahoo App Test" finished-at="2021-05-03T08:22:05 IST" duration-ms="378200">
      <class name="com.datadriven.test.HalfEbdayTest">
        <test-method is-config="true" signature="setUp()[pri:0, instance:com.datadriven.test.HalfEbdayTest@74ea2410]" started-at="2021-05-03T08:16:24 IST" name="setUp" finished-at="2021-05-03T08:16:51 IST" duration-ms="27106" status="PASS">
          <reporter-output>
          </reporter-output>
        </test-method> <!-- setUp -->
        <test-method signature="halfEbayRegPageTest(java.lang.String, java.lang.String, java.lang.String, java.lang.String, java.lang.String, java.lang.String, java.lang.String, java.lang.String)[pri:1, instance:com.datadriven.test.HalfEbdayTest@74ea2410]" started-at="2021-05-03T08:16:51 IST" name="halfEbayRegPageTest" data-provider="getTestData" finished-at="2021-05-03T08:16:54 IST" duration-ms="2416" status="PASS">
          <params>
            <param index="0">
              <value>
                <![CDATA[Tom]]>
              </value>
            </param>
            <param index="1">
              <value>
                <![CDATA[Peter]]>
              </value>
            </param>
            <param index="2">
              <value>
                <![CDATA[12, new street]]>
              </value>
            </param>
            <param index="3">
              <value>
                <![CDATA[downtown]]>
              </value>
            </param>
            <param index="4">
              <value>
                <![CDATA[Sunnyvale]]>
              </value>
            </param>
            <param index="5">
              <value>
                <![CDATA[California]]>
              </value>
            </param>
            <param index="6">
              <value>
                <![CDATA[94085.0]]>
              </value>
            </param>
            <param index="7">
              <value>
                <![CDATA[test1@gmail.com]]>
              </value>
            </param>
          </params>
          <reporter-output>
          </reporter-output>
        </test-method> <!-- halfEbayRegPageTest -->
        <test-method is-config="true" signature="tearDown()[pri:0, instance:com.datadriven.test.HalfEbdayTest@74ea2410]" started-at="2021-05-03T08:16:54 IST" name="tearDown" finished-at="2021-05-03T08:17:10 IST" duration-ms="15770" status="PASS">
          <reporter-output>
          </reporter-output>
        </test-method> <!-- tearDown -->
        <test-method is-config="true" signature="setUp()[pri:0, instance:com.datadriven.test.HalfEbdayTest@74ea2410]" started-at="2021-05-03T08:17:10 IST" name="setUp" finished-at="2021-05-03T08:17:57 IST" duration-ms="47176" status="PASS">
          <reporter-output>
          </reporter-output>
        </test-method> <!-- setUp -->
        <test-method signature="halfEbayRegPageTest(java.lang.String, java.lang.String, java.lang.String, java.lang.String, java.lang.String, java.lang.String, java.lang.String, java.lang.String)[pri:1, instance:com.datadriven.test.HalfEbdayTest@74ea2410]" started-at="2021-05-03T08:17:57 IST" name="halfEbayRegPageTest" data-provider="getTestData" finished-at="2021-05-03T08:17:57 IST" duration-ms="33" status="FAIL">
          <params>
            <param index="0">
              <value>
                <![CDATA[Reshma]]>
              </value>
            </param>
            <param index="1">
              <value>
                <![CDATA[K]]>
              </value>
            </param>
            <param index="2">
              <value>
                <![CDATA[13, new street]]>
              </value>
            </param>
            <param index="3">
              <value>
                <![CDATA[downtown]]>
              </value>
            </param>
            <param index="4">
              <value>
                <![CDATA[Sunnyvale]]>
              </value>
            </param>
            <param index="5">
              <value>
                <![CDATA[California]]>
              </value>
            </param>
            <param index="6">
              <value>
                <![CDATA[94086.0]]>
              </value>
            </param>
            <param index="7">
              <value>
                <![CDATA[test2@gmail.com]]>
              </value>
            </param>
          </params>
          <exception class="org.openqa.selenium.NoSuchWindowException">
            <message>
              <![CDATA[no such window: target window already closed
from unknown error: web view not found
  (Session info: chrome=90.0.4430.93)
  (Driver info: chromedriver=89.0.4389.23 (61b08ee2c50024bab004e48d2b1b083cdbdac579-refs/branch-heads/4389@{#294}),platform=Windows NT 6.3.9600 x86_64) (WARNING: The server did not provide any stacktrace information)
Command duration or timeout: 19 milliseconds
Build info: version: '3.0.1', revision: '1969d75', time: '2016-10-18 09:49:13 -0700'
System info: host: 'ASHRITH', ip: '192.168.0.104', os.name: 'Windows 8.1', os.arch: 'amd64', os.version: '6.3', java.version: '15.0.2'
Driver info: org.openqa.selenium.chrome.ChromeDriver
Capabilities [{mobileEmulationEnabled=false, timeouts={implicit=0, pageLoad=300000, script=30000}, hasTouchScreen=false, platform=XP, acceptSslCerts=false, goog:chromeOptions={debuggerAddress=localhost:50903}, acceptInsecureCerts=false, webStorageEnabled=true, browserName=chrome, takesScreenshot=true, javascriptEnabled=true, setWindowRect=true, webauthn:extension:largeBlob=true, unexpectedAlertBehaviour=ignore, applicationCacheEnabled=false, rotatable=false, networkConnectionEnabled=false, chrome={chromedriverVersion=89.0.4389.23 (61b08ee2c50024bab004e48d2b1b083cdbdac579-refs/branch-heads/4389@{#294}), userDataDir=C:\Users\SUNNY\AppData\Local\Temp\scoped_dir9160_1281056383}, takesHeapSnapshot=true, pageLoadStrategy=normal, strictFileInteractability=false, databaseEnabled=false, handlesAlerts=true, version=90.0.4430.93, browserConnectionEnabled=false, proxy={}, nativeEvents=true, locationContextEnabled=true, cssSelectorsEnabled=true, webauthn:virtualAuthenticators=true}]
Session ID: 2a4427a96a7796ff65e331fed808eb2a
*** Element info: {Using=xpath, value=//*[@id='firstname']}]]>
            </message>
            <full-stacktrace>
              <![CDATA[org.openqa.selenium.NoSuchWindowException: no such window: target window already closed
from unknown error: web view not found
  (Session info: chrome=90.0.4430.93)
  (Driver info: chromedriver=89.0.4389.23 (61b08ee2c50024bab004e48d2b1b083cdbdac579-refs/branch-heads/4389@{#294}),platform=Windows NT 6.3.9600 x86_64) (WARNING: The server did not provide any stacktrace information)
Command duration or timeout: 19 milliseconds
Build info: version: '3.0.1', revision: '1969d75', time: '2016-10-18 09:49:13 -0700'
System info: host: 'ASHRITH', ip: '192.168.0.104', os.name: 'Windows 8.1', os.arch: 'amd64', os.version: '6.3', java.version: '15.0.2'
Driver info: org.openqa.selenium.chrome.ChromeDriver
Capabilities [{mobileEmulationEnabled=false, timeouts={implicit=0, pageLoad=300000, script=30000}, hasTouchScreen=false, platform=XP, acceptSslCerts=false, goog:chromeOptions={debuggerAddress=localhost:50903}, acceptInsecureCerts=false, webStorageEnabled=true, browserName=chrome, takesScreenshot=true, javascriptEnabled=true, setWindowRect=true, webauthn:extension:largeBlob=true, unexpectedAlertBehaviour=ignore, applicationCacheEnabled=false, rotatable=false, networkConnectionEnabled=false, chrome={chromedriverVersion=89.0.4389.23 (61b08ee2c50024bab004e48d2b1b083cdbdac579-refs/branch-heads/4389@{#294}), userDataDir=C:\Users\SUNNY\AppData\Local\Temp\scoped_dir9160_1281056383}, takesHeapSnapshot=true, pageLoadStrategy=normal, strictFileInteractability=false, databaseEnabled=false, handlesAlerts=true, version=90.0.4430.93, browserConnectionEnabled=false, proxy={}, nativeEvents=true, locationContextEnabled=true, cssSelectorsEnabled=true, webauthn:virtualAuthenticators=true}]
Session ID: 2a4427a96a7796ff65e331fed808eb2a
*** Element info: {Using=xpath, value=//*[@id='firstname']}
at java.base/jdk.internal.reflect.NativeConstructorAccessorImpl.newInstance0(Native Method)
at java.base/jdk.internal.reflect.NativeConstructorAccessorImpl.newInstance(NativeConstructorAccessorImpl.java:64)
at java.base/jdk.internal.reflect.DelegatingConstructorAccessorImpl.newInstance(DelegatingConstructorAccessorImpl.java:45)
at java.base/java.lang.reflect.Constructor.newInstanceWithCaller(Constructor.java:500)
at java.base/java.lang.reflect.Constructor.newInstance(Constructor.java:481)
at org.openqa.selenium.remote.ErrorHandler.createThrowable(ErrorHandler.java:216)
at org.openqa.selenium.remote.ErrorHandler.throwIfResponseFailed(ErrorHandler.java:168)
at org.openqa.selenium.remote.RemoteWebDriver.execute(RemoteWebDriver.java:635)
at org.openqa.selenium.remote.RemoteWebDriver.findElement(RemoteWebDriver.java:368)
at org.openqa.selenium.remote.RemoteWebDriver.findElementByXPath(RemoteWebDriver.java:473)
at org.openqa.selenium.By$ByXPath.findElement(By.java:361)
at org.openqa.selenium.remote.RemoteWebDriver.findElement(RemoteWebDriver.java:360)
at com.datadriven.test.HalfEbdayTest.halfEbayRegPageTest(HalfEbdayTest.java:48)
at java.base/jdk.internal.reflect.NativeMethodAccessorImpl.invoke0(Native Method)
at java.base/jdk.internal.reflect.NativeMethodAccessorImpl.invoke(NativeMethodAccessorImpl.java:64)
at java.base/jdk.internal.reflect.DelegatingMethodAccessorImpl.invoke(DelegatingMethodAccessorImpl.java:43)
at java.base/java.lang.reflect.Method.invoke(Method.java:564)
at org.testng.internal.MethodInvocationHelper.invokeMethod(MethodInvocationHelper.java:132)
at org.testng.internal.TestInvoker.invokeMethod(TestInvoker.java:599)
at org.testng.internal.TestInvoker.invokeTestMethod(TestInvoker.java:174)
at org.testng.internal.MethodRunner.runInSequence(MethodRunner.java:46)
at org.testng.internal.TestInvoker$MethodInvocationAgent.invoke(TestInvoker.java:822)
at org.testng.internal.TestInvoker.invokeTestMethods(TestInvoker.java:147)
at org.testng.internal.TestMethodWorker.invokeTestMethods(TestMethodWorker.java:146)
at org.testng.internal.TestMethodWorker.run(TestMethodWorker.java:128)
at java.base/java.util.ArrayList.forEach(ArrayList.java:1511)
at org.testng.TestRunner.privateRun(TestRunner.java:764)
at org.testng.TestRunner.run(TestRunner.java:585)
at org.testng.SuiteRunner.runTest(SuiteRunner.java:384)
at org.testng.SuiteRunner.runSequentially(SuiteRunner.java:378)
at org.testng.SuiteRunner.privateRun(SuiteRunner.java:337)
at org.testng.SuiteRunner.run(SuiteRunner.java:286)
at org.testng.SuiteRunnerWorker.runSuite(SuiteRunnerWorker.java:53)
at org.testng.SuiteRunnerWorker.run(SuiteRunnerWorker.java:96)
at org.testng.TestNG.runSuitesSequentially(TestNG.java:1218)
at org.testng.TestNG.runSuitesLocally(TestNG.java:1140)
at org.testng.TestNG.runSuites(TestNG.java:1069)
at org.testng.TestNG.run(TestNG.java:1037)
at org.testng.remote.AbstractRemoteTestNG.run(AbstractRemoteTestNG.java:115)
at org.testng.remote.RemoteTestNG.initAndRun(RemoteTestNG.java:251)
at org.testng.remote.RemoteTestNG.main(RemoteTestNG.java:77)
]]>
            </full-stacktrace>
          </exception> <!-- org.openqa.selenium.NoSuchWindowException -->
          <reporter-output>
          </reporter-output>
        </test-method> <!-- halfEbayRegPageTest -->
        <test-method is-config="true" signature="tearDown()[pri:0, instance:com.datadriven.test.HalfEbdayTest@74ea2410]" started-at="2021-05-03T08:18:02 IST" name="tearDown" finished-at="2021-05-03T08:18:36 IST" duration-ms="33865" status="PASS">
          <reporter-output>
          </reporter-output>
        </test-method> <!-- tearDown -->
        <test-method is-config="true" signature="setUp()[pri:0, instance:com.datadriven.test.HalfEbdayTest@74ea2410]" started-at="2021-05-03T08:18:36 IST" name="setUp" finished-at="2021-05-03T08:18:51 IST" duration-ms="15393" status="PASS">
          <reporter-output>
          </reporter-output>
        </test-method> <!-- setUp -->
        <test-method signature="halfEbayRegPageTest(java.lang.String, java.lang.String, java.lang.String, java.lang.String, java.lang.String, java.lang.String, java.lang.String, java.lang.String)[pri:1, instance:com.datadriven.test.HalfEbdayTest@74ea2410]" started-at="2021-05-03T08:18:51 IST" name="halfEbayRegPageTest" data-provider="getTestData" finished-at="2021-05-03T08:18:54 IST" duration-ms="3109" status="PASS">
          <params>
            <param index="0">
              <value>
                <![CDATA[Anirudh]]>
              </value>
            </param>
            <param index="1">
              <value>
                <![CDATA[D]]>
              </value>
            </param>
            <param index="2">
              <value>
                <![CDATA[14, new street]]>
              </value>
            </param>
            <param index="3">
              <value>
                <![CDATA[downtown]]>
              </value>
            </param>
            <param index="4">
              <value>
                <![CDATA[Sunnyvale]]>
              </value>
            </param>
            <param index="5">
              <value>
                <![CDATA[California]]>
              </value>
            </param>
            <param index="6">
              <value>
                <![CDATA[94087.0]]>
              </value>
            </param>
            <param index="7">
              <value>
                <![CDATA[test3@gmail.com]]>
              </value>
            </param>
          </params>
          <reporter-output>
          </reporter-output>
        </test-method> <!-- halfEbayRegPageTest -->
        <test-method is-config="true" signature="tearDown()[pri:0, instance:com.datadriven.test.HalfEbdayTest@74ea2410]" started-at="2021-05-03T08:18:54 IST" name="tearDown" finished-at="2021-05-03T08:18:59 IST" duration-ms="5151" status="PASS">
          <reporter-output>
          </reporter-output>
        </test-method> <!-- tearDown -->
        <test-method is-config="true" signature="setUp()[pri:0, instance:com.datadriven.test.HalfEbdayTest@74ea2410]" started-at="2021-05-03T08:18:59 IST" name="setUp" finished-at="2021-05-03T08:19:13 IST" duration-ms="13583" status="PASS">
          <reporter-output>
          </reporter-output>
        </test-method> <!-- setUp -->
        <test-method signature="halfEbayRegPageTest(java.lang.String, java.lang.String, java.lang.String, java.lang.String, java.lang.String, java.lang.String, java.lang.String, java.lang.String)[pri:1, instance:com.datadriven.test.HalfEbdayTest@74ea2410]" started-at="2021-05-03T08:19:13 IST" name="halfEbayRegPageTest" data-provider="getTestData" finished-at="2021-05-03T08:19:15 IST" duration-ms="2250" status="PASS">
          <params>
            <param index="0">
              <value>
                <![CDATA[Amreen]]>
              </value>
            </param>
            <param index="1">
              <value>
                <![CDATA[T]]>
              </value>
            </param>
            <param index="2">
              <value>
                <![CDATA[15, new street]]>
              </value>
            </param>
            <param index="3">
              <value>
                <![CDATA[downtown]]>
              </value>
            </param>
            <param index="4">
              <value>
                <![CDATA[Sunnyvale]]>
              </value>
            </param>
            <param index="5">
              <value>
                <![CDATA[California]]>
              </value>
            </param>
            <param index="6">
              <value>
                <![CDATA[94088.0]]>
              </value>
            </param>
            <param index="7">
              <value>
                <![CDATA[test4@gmail.com]]>
              </value>
            </param>
          </params>
          <reporter-output>
          </reporter-output>
        </test-method> <!-- halfEbayRegPageTest -->
        <test-method is-config="true" signature="tearDown()[pri:0, instance:com.datadriven.test.HalfEbdayTest@74ea2410]" started-at="2021-05-03T08:19:15 IST" name="tearDown" finished-at="2021-05-03T08:19:17 IST" duration-ms="1705" status="PASS">
          <reporter-output>
          </reporter-output>
        </test-method> <!-- tearDown -->
        <test-method is-config="true" signature="setUp()[pri:0, instance:com.datadriven.test.HalfEbdayTest@74ea2410]" started-at="2021-05-03T08:19:17 IST" name="setUp" finished-at="2021-05-03T08:19:27 IST" duration-ms="9805" status="PASS">
          <reporter-output>
          </reporter-output>
        </test-method> <!-- setUp -->
        <test-method signature="halfEbayRegPageTest(java.lang.String, java.lang.String, java.lang.String, java.lang.String, java.lang.String, java.lang.String, java.lang.String, java.lang.String)[pri:1, instance:com.datadriven.test.HalfEbdayTest@74ea2410]" started-at="2021-05-03T08:19:27 IST" name="halfEbayRegPageTest" data-provider="getTestData" finished-at="2021-05-03T08:19:29 IST" duration-ms="2355" status="PASS">
          <params>
            <param index="0">
              <value>
                <![CDATA[Tom]]>
              </value>
            </param>
            <param index="1">
              <value>
                <![CDATA[Peter]]>
              </value>
            </param>
            <param index="2">
              <value>
                <![CDATA[12, new street]]>
              </value>
            </param>
            <param index="3">
              <value>
                <![CDATA[downtown]]>
              </value>
            </param>
            <param index="4">
              <value>
                <![CDATA[Sunnyvale]]>
              </value>
            </param>
            <param index="5">
              <value>
                <![CDATA[California]]>
              </value>
            </param>
            <param index="6">
              <value>
                <![CDATA[94085.0]]>
              </value>
            </param>
            <param index="7">
              <value>
                <![CDATA[test1@gmail.com]]>
              </value>
            </param>
          </params>
          <reporter-output>
          </reporter-output>
        </test-method> <!-- halfEbayRegPageTest -->
        <test-method is-config="true" signature="tearDown()[pri:0, instance:com.datadriven.test.HalfEbdayTest@74ea2410]" started-at="2021-05-03T08:19:29 IST" name="tearDown" finished-at="2021-05-03T08:19:31 IST" duration-ms="1618" status="PASS">
          <reporter-output>
          </reporter-output>
        </test-method> <!-- tearDown -->
        <test-method is-config="true" signature="setUp()[pri:0, instance:com.datadriven.test.HalfEbdayTest@74ea2410]" started-at="2021-05-03T08:19:31 IST" name="setUp" finished-at="2021-05-03T08:19:40 IST" duration-ms="9183" status="PASS">
          <reporter-output>
          </reporter-output>
        </test-method> <!-- setUp -->
        <test-method signature="halfEbayRegPageTest(java.lang.String, java.lang.String, java.lang.String, java.lang.String, java.lang.String, java.lang.String, java.lang.String, java.lang.String)[pri:1, instance:com.datadriven.test.HalfEbdayTest@74ea2410]" started-at="2021-05-03T08:19:40 IST" name="halfEbayRegPageTest" data-provider="getTestData" finished-at="2021-05-03T08:19:42 IST" duration-ms="2323" status="PASS">
          <params>
            <param index="0">
              <value>
                <![CDATA[Reshma]]>
              </value>
            </param>
            <param index="1">
              <value>
                <![CDATA[K]]>
              </value>
            </param>
            <param index="2">
              <value>
                <![CDATA[13, new street]]>
              </value>
            </param>
            <param index="3">
              <value>
                <![CDATA[downtown]]>
              </value>
            </param>
            <param index="4">
              <value>
                <![CDATA[Sunnyvale]]>
              </value>
            </param>
            <param index="5">
              <value>
                <![CDATA[California]]>
              </value>
            </param>
            <param index="6">
              <value>
                <![CDATA[94086.0]]>
              </value>
            </param>
            <param index="7">
              <value>
                <![CDATA[test2@gmail.com]]>
              </value>
            </param>
          </params>
          <reporter-output>
          </reporter-output>
        </test-method> <!-- halfEbayRegPageTest -->
        <test-method is-config="true" signature="tearDown()[pri:0, instance:com.datadriven.test.HalfEbdayTest@74ea2410]" started-at="2021-05-03T08:19:42 IST" name="tearDown" finished-at="2021-05-03T08:19:43 IST" duration-ms="1433" status="PASS">
          <reporter-output>
          </reporter-output>
        </test-method> <!-- tearDown -->
        <test-method is-config="true" signature="setUp()[pri:0, instance:com.datadriven.test.HalfEbdayTest@74ea2410]" started-at="2021-05-03T08:19:43 IST" name="setUp" finished-at="2021-05-03T08:19:54 IST" duration-ms="10225" status="PASS">
          <reporter-output>
          </reporter-output>
        </test-method> <!-- setUp -->
        <test-method signature="halfEbayRegPageTest(java.lang.String, java.lang.String, java.lang.String, java.lang.String, java.lang.String, java.lang.String, java.lang.String, java.lang.String)[pri:1, instance:com.datadriven.test.HalfEbdayTest@74ea2410]" started-at="2021-05-03T08:19:54 IST" name="halfEbayRegPageTest" data-provider="getTestData" finished-at="2021-05-03T08:19:56 IST" duration-ms="2265" status="PASS">
          <params>
            <param index="0">
              <value>
                <![CDATA[Anirudh]]>
              </value>
            </param>
            <param index="1">
              <value>
                <![CDATA[D]]>
              </value>
            </param>
            <param index="2">
              <value>
                <![CDATA[14, new street]]>
              </value>
            </param>
            <param index="3">
              <value>
                <![CDATA[downtown]]>
              </value>
            </param>
            <param index="4">
              <value>
                <![CDATA[Sunnyvale]]>
              </value>
            </param>
            <param index="5">
              <value>
                <![CDATA[California]]>
              </value>
            </param>
            <param index="6">
              <value>
                <![CDATA[94087.0]]>
              </value>
            </param>
            <param index="7">
              <value>
                <![CDATA[test3@gmail.com]]>
              </value>
            </param>
          </params>
          <reporter-output>
          </reporter-output>
        </test-method> <!-- halfEbayRegPageTest -->
        <test-method is-config="true" signature="tearDown()[pri:0, instance:com.datadriven.test.HalfEbdayTest@74ea2410]" started-at="2021-05-03T08:19:56 IST" name="tearDown" finished-at="2021-05-03T08:19:57 IST" duration-ms="1271" status="PASS">
          <reporter-output>
          </reporter-output>
        </test-method> <!-- tearDown -->
        <test-method is-config="true" signature="setUp()[pri:0, instance:com.datadriven.test.HalfEbdayTest@74ea2410]" started-at="2021-05-03T08:19:57 IST" name="setUp" finished-at="2021-05-03T08:20:06 IST" duration-ms="9146" status="PASS">
          <reporter-output>
          </reporter-output>
        </test-method> <!-- setUp -->
        <test-method signature="halfEbayRegPageTest(java.lang.String, java.lang.String, java.lang.String, java.lang.String, java.lang.String, java.lang.String, java.lang.String, java.lang.String)[pri:1, instance:com.datadriven.test.HalfEbdayTest@74ea2410]" started-at="2021-05-03T08:20:06 IST" name="halfEbayRegPageTest" data-provider="getTestData" finished-at="2021-05-03T08:20:09 IST" duration-ms="2558" status="PASS">
          <params>
            <param index="0">
              <value>
                <![CDATA[Amreen]]>
              </value>
            </param>
            <param index="1">
              <value>
                <![CDATA[T]]>
              </value>
            </param>
            <param index="2">
              <value>
                <![CDATA[15, new street]]>
              </value>
            </param>
            <param index="3">
              <value>
                <![CDATA[downtown]]>
              </value>
            </param>
            <param index="4">
              <value>
                <![CDATA[Sunnyvale]]>
              </value>
            </param>
            <param index="5">
              <value>
                <![CDATA[California]]>
              </value>
            </param>
            <param index="6">
              <value>
                <![CDATA[94088.0]]>
              </value>
            </param>
            <param index="7">
              <value>
                <![CDATA[test4@gmail.com]]>
              </value>
            </param>
          </params>
          <reporter-output>
          </reporter-output>
        </test-method> <!-- halfEbayRegPageTest -->
        <test-method is-config="true" signature="tearDown()[pri:0, instance:com.datadriven.test.HalfEbdayTest@74ea2410]" started-at="2021-05-03T08:20:09 IST" name="tearDown" finished-at="2021-05-03T08:20:11 IST" duration-ms="1579" status="PASS">
          <reporter-output>
          </reporter-output>
        </test-method> <!-- tearDown -->
        <test-method is-config="true" signature="setUp()[pri:0, instance:com.datadriven.test.HalfEbdayTest@74ea2410]" started-at="2021-05-03T08:20:11 IST" name="setUp" finished-at="2021-05-03T08:20:20 IST" duration-ms="9353" status="PASS">
          <reporter-output>
          </reporter-output>
        </test-method> <!-- setUp -->
        <test-method signature="halfEbayRegPageTest(java.lang.String, java.lang.String, java.lang.String, java.lang.String, java.lang.String, java.lang.String, java.lang.String, java.lang.String)[pri:1, instance:com.datadriven.test.HalfEbdayTest@74ea2410]" started-at="2021-05-03T08:20:20 IST" name="halfEbayRegPageTest" data-provider="getTestData" finished-at="2021-05-03T08:20:22 IST" duration-ms="2200" status="PASS">
          <params>
            <param index="0">
              <value>
                <![CDATA[Tom]]>
              </value>
            </param>
            <param index="1">
              <value>
                <![CDATA[Peter]]>
              </value>
            </param>
            <param index="2">
              <value>
                <![CDATA[12, new street]]>
              </value>
            </param>
            <param index="3">
              <value>
                <![CDATA[downtown]]>
              </value>
            </param>
            <param index="4">
              <value>
                <![CDATA[Sunnyvale]]>
              </value>
            </param>
            <param index="5">
              <value>
                <![CDATA[California]]>
              </value>
            </param>
            <param index="6">
              <value>
                <![CDATA[94085.0]]>
              </value>
            </param>
            <param index="7">
              <value>
                <![CDATA[test1@gmail.com]]>
              </value>
            </param>
          </params>
          <reporter-output>
          </reporter-output>
        </test-method> <!-- halfEbayRegPageTest -->
        <test-method is-config="true" signature="tearDown()[pri:0, instance:com.datadriven.test.HalfEbdayTest@74ea2410]" started-at="2021-05-03T08:20:22 IST" name="tearDown" finished-at="2021-05-03T08:20:23 IST" duration-ms="1371" status="PASS">
          <reporter-output>
          </reporter-output>
        </test-method> <!-- tearDown -->
        <test-method is-config="true" signature="setUp()[pri:0, instance:com.datadriven.test.HalfEbdayTest@74ea2410]" started-at="2021-05-03T08:20:23 IST" name="setUp" finished-at="2021-05-03T08:20:34 IST" duration-ms="10412" status="PASS">
          <reporter-output>
          </reporter-output>
        </test-method> <!-- setUp -->
        <test-method signature="halfEbayRegPageTest(java.lang.String, java.lang.String, java.lang.String, java.lang.String, java.lang.String, java.lang.String, java.lang.String, java.lang.String)[pri:1, instance:com.datadriven.test.HalfEbdayTest@74ea2410]" started-at="2021-05-03T08:20:34 IST" name="halfEbayRegPageTest" data-provider="getTestData" finished-at="2021-05-03T08:20:36 IST" duration-ms="2222" status="PASS">
          <params>
            <param index="0">
              <value>
                <![CDATA[Reshma]]>
              </value>
            </param>
            <param index="1">
              <value>
                <![CDATA[K]]>
              </value>
            </param>
            <param index="2">
              <value>
                <![CDATA[13, new street]]>
              </value>
            </param>
            <param index="3">
              <value>
                <![CDATA[downtown]]>
              </value>
            </param>
            <param index="4">
              <value>
                <![CDATA[Sunnyvale]]>
              </value>
            </param>
            <param index="5">
              <value>
                <![CDATA[California]]>
              </value>
            </param>
            <param index="6">
              <value>
                <![CDATA[94086.0]]>
              </value>
            </param>
            <param index="7">
              <value>
                <![CDATA[test2@gmail.com]]>
              </value>
            </param>
          </params>
          <reporter-output>
          </reporter-output>
        </test-method> <!-- halfEbayRegPageTest -->
        <test-method is-config="true" signature="tearDown()[pri:0, instance:com.datadriven.test.HalfEbdayTest@74ea2410]" started-at="2021-05-03T08:20:36 IST" name="tearDown" finished-at="2021-05-03T08:20:37 IST" duration-ms="1392" status="PASS">
          <reporter-output>
          </reporter-output>
        </test-method> <!-- tearDown -->
        <test-method is-config="true" signature="setUp()[pri:0, instance:com.datadriven.test.HalfEbdayTest@74ea2410]" started-at="2021-05-03T08:20:37 IST" name="setUp" finished-at="2021-05-03T08:20:47 IST" duration-ms="9995" status="PASS">
          <reporter-output>
          </reporter-output>
        </test-method> <!-- setUp -->
        <test-method signature="halfEbayRegPageTest(java.lang.String, java.lang.String, java.lang.String, java.lang.String, java.lang.String, java.lang.String, java.lang.String, java.lang.String)[pri:1, instance:com.datadriven.test.HalfEbdayTest@74ea2410]" started-at="2021-05-03T08:20:47 IST" name="halfEbayRegPageTest" data-provider="getTestData" finished-at="2021-05-03T08:20:50 IST" duration-ms="2196" status="PASS">
          <params>
            <param index="0">
              <value>
                <![CDATA[Anirudh]]>
              </value>
            </param>
            <param index="1">
              <value>
                <![CDATA[D]]>
              </value>
            </param>
            <param index="2">
              <value>
                <![CDATA[14, new street]]>
              </value>
            </param>
            <param index="3">
              <value>
                <![CDATA[downtown]]>
              </value>
            </param>
            <param index="4">
              <value>
                <![CDATA[Sunnyvale]]>
              </value>
            </param>
            <param index="5">
              <value>
                <![CDATA[California]]>
              </value>
            </param>
            <param index="6">
              <value>
                <![CDATA[94087.0]]>
              </value>
            </param>
            <param index="7">
              <value>
                <![CDATA[test3@gmail.com]]>
              </value>
            </param>
          </params>
          <reporter-output>
          </reporter-output>
        </test-method> <!-- halfEbayRegPageTest -->
        <test-method is-config="true" signature="tearDown()[pri:0, instance:com.datadriven.test.HalfEbdayTest@74ea2410]" started-at="2021-05-03T08:20:50 IST" name="tearDown" finished-at="2021-05-03T08:20:51 IST" duration-ms="1472" status="PASS">
          <reporter-output>
          </reporter-output>
        </test-method> <!-- tearDown -->
        <test-method is-config="true" signature="setUp()[pri:0, instance:com.datadriven.test.HalfEbdayTest@74ea2410]" started-at="2021-05-03T08:20:51 IST" name="setUp" finished-at="2021-05-03T08:21:03 IST" duration-ms="11611" status="PASS">
          <reporter-output>
          </reporter-output>
        </test-method> <!-- setUp -->
        <test-method signature="halfEbayRegPageTest(java.lang.String, java.lang.String, java.lang.String, java.lang.String, java.lang.String, java.lang.String, java.lang.String, java.lang.String)[pri:1, instance:com.datadriven.test.HalfEbdayTest@74ea2410]" started-at="2021-05-03T08:21:03 IST" name="halfEbayRegPageTest" data-provider="getTestData" finished-at="2021-05-03T08:21:05 IST" duration-ms="2547" status="PASS">
          <params>
            <param index="0">
              <value>
                <![CDATA[Amreen]]>
              </value>
            </param>
            <param index="1">
              <value>
                <![CDATA[T]]>
              </value>
            </param>
            <param index="2">
              <value>
                <![CDATA[15, new street]]>
              </value>
            </param>
            <param index="3">
              <value>
                <![CDATA[downtown]]>
              </value>
            </param>
            <param index="4">
              <value>
                <![CDATA[Sunnyvale]]>
              </value>
            </param>
            <param index="5">
              <value>
                <![CDATA[California]]>
              </value>
            </param>
            <param index="6">
              <value>
                <![CDATA[94088.0]]>
              </value>
            </param>
            <param index="7">
              <value>
                <![CDATA[test4@gmail.com]]>
              </value>
            </param>
          </params>
          <reporter-output>
          </reporter-output>
        </test-method> <!-- halfEbayRegPageTest -->
        <test-method is-config="true" signature="tearDown()[pri:0, instance:com.datadriven.test.HalfEbdayTest@74ea2410]" started-at="2021-05-03T08:21:05 IST" name="tearDown" finished-at="2021-05-03T08:21:07 IST" duration-ms="1308" status="PASS">
          <reporter-output>
          </reporter-output>
        </test-method> <!-- tearDown -->
        <test-method is-config="true" signature="setUp()[pri:0, instance:com.datadriven.test.HalfEbdayTest@74ea2410]" started-at="2021-05-03T08:21:07 IST" name="setUp" finished-at="2021-05-03T08:21:16 IST" duration-ms="9690" status="PASS">
          <reporter-output>
          </reporter-output>
        </test-method> <!-- setUp -->
        <test-method signature="halfEbayRegPageTest(java.lang.String, java.lang.String, java.lang.String, java.lang.String, java.lang.String, java.lang.String, java.lang.String, java.lang.String)[pri:1, instance:com.datadriven.test.HalfEbdayTest@74ea2410]" started-at="2021-05-03T08:21:16 IST" name="halfEbayRegPageTest" data-provider="getTestData" finished-at="2021-05-03T08:21:18 IST" duration-ms="2172" status="PASS">
          <params>
            <param index="0">
              <value>
                <![CDATA[Tom]]>
              </value>
            </param>
            <param index="1">
              <value>
                <![CDATA[Peter]]>
              </value>
            </param>
            <param index="2">
              <value>
                <![CDATA[12, new street]]>
              </value>
            </param>
            <param index="3">
              <value>
                <![CDATA[downtown]]>
              </value>
            </param>
            <param index="4">
              <value>
                <![CDATA[Sunnyvale]]>
              </value>
            </param>
            <param index="5">
              <value>
                <![CDATA[California]]>
              </value>
            </param>
            <param index="6">
              <value>
                <![CDATA[94085.0]]>
              </value>
            </param>
            <param index="7">
              <value>
                <![CDATA[test1@gmail.com]]>
              </value>
            </param>
          </params>
          <reporter-output>
          </reporter-output>
        </test-method> <!-- halfEbayRegPageTest -->
        <test-method is-config="true" signature="tearDown()[pri:0, instance:com.datadriven.test.HalfEbdayTest@74ea2410]" started-at="2021-05-03T08:21:18 IST" name="tearDown" finished-at="2021-05-03T08:21:20 IST" duration-ms="1373" status="PASS">
          <reporter-output>
          </reporter-output>
        </test-method> <!-- tearDown -->
        <test-method is-config="true" signature="setUp()[pri:0, instance:com.datadriven.test.HalfEbdayTest@74ea2410]" started-at="2021-05-03T08:21:20 IST" name="setUp" finished-at="2021-05-03T08:21:32 IST" duration-ms="12282" status="PASS">
          <reporter-output>
          </reporter-output>
        </test-method> <!-- setUp -->
        <test-method signature="halfEbayRegPageTest(java.lang.String, java.lang.String, java.lang.String, java.lang.String, java.lang.String, java.lang.String, java.lang.String, java.lang.String)[pri:1, instance:com.datadriven.test.HalfEbdayTest@74ea2410]" started-at="2021-05-03T08:21:32 IST" name="halfEbayRegPageTest" data-provider="getTestData" finished-at="2021-05-03T08:21:34 IST" duration-ms="2353" status="PASS">
          <params>
            <param index="0">
              <value>
                <![CDATA[Reshma]]>
              </value>
            </param>
            <param index="1">
              <value>
                <![CDATA[K]]>
              </value>
            </param>
            <param index="2">
              <value>
                <![CDATA[13, new street]]>
              </value>
            </param>
            <param index="3">
              <value>
                <![CDATA[downtown]]>
              </value>
            </param>
            <param index="4">
              <value>
                <![CDATA[Sunnyvale]]>
              </value>
            </param>
            <param index="5">
              <value>
                <![CDATA[California]]>
              </value>
            </param>
            <param index="6">
              <value>
                <![CDATA[94086.0]]>
              </value>
            </param>
            <param index="7">
              <value>
                <![CDATA[test2@gmail.com]]>
              </value>
            </param>
          </params>
          <reporter-output>
          </reporter-output>
        </test-method> <!-- halfEbayRegPageTest -->
        <test-method is-config="true" signature="tearDown()[pri:0, instance:com.datadriven.test.HalfEbdayTest@74ea2410]" started-at="2021-05-03T08:21:34 IST" name="tearDown" finished-at="2021-05-03T08:21:36 IST" duration-ms="1973" status="PASS">
          <reporter-output>
          </reporter-output>
        </test-method> <!-- tearDown -->
        <test-method is-config="true" signature="setUp()[pri:0, instance:com.datadriven.test.HalfEbdayTest@74ea2410]" started-at="2021-05-03T08:21:36 IST" name="setUp" finished-at="2021-05-03T08:21:48 IST" duration-ms="11590" status="PASS">
          <reporter-output>
          </reporter-output>
        </test-method> <!-- setUp -->
        <test-method signature="halfEbayRegPageTest(java.lang.String, java.lang.String, java.lang.String, java.lang.String, java.lang.String, java.lang.String, java.lang.String, java.lang.String)[pri:1, instance:com.datadriven.test.HalfEbdayTest@74ea2410]" started-at="2021-05-03T08:21:48 IST" name="halfEbayRegPageTest" data-provider="getTestData" finished-at="2021-05-03T08:21:51 IST" duration-ms="2551" status="PASS">
          <params>
            <param index="0">
              <value>
                <![CDATA[Anirudh]]>
              </value>
            </param>
            <param index="1">
              <value>
                <![CDATA[D]]>
              </value>
            </param>
            <param index="2">
              <value>
                <![CDATA[14, new street]]>
              </value>
            </param>
            <param index="3">
              <value>
                <![CDATA[downtown]]>
              </value>
            </param>
            <param index="4">
              <value>
                <![CDATA[Sunnyvale]]>
              </value>
            </param>
            <param index="5">
              <value>
                <![CDATA[California]]>
              </value>
            </param>
            <param index="6">
              <value>
                <![CDATA[94087.0]]>
              </value>
            </param>
            <param index="7">
              <value>
                <![CDATA[test3@gmail.com]]>
              </value>
            </param>
          </params>
          <reporter-output>
          </reporter-output>
        </test-method> <!-- halfEbayRegPageTest -->
        <test-method is-config="true" signature="tearDown()[pri:0, instance:com.datadriven.test.HalfEbdayTest@74ea2410]" started-at="2021-05-03T08:21:51 IST" name="tearDown" finished-at="2021-05-03T08:21:52 IST" duration-ms="1288" status="PASS">
          <reporter-output>
          </reporter-output>
        </test-method> <!-- tearDown -->
        <test-method is-config="true" signature="setUp()[pri:0, instance:com.datadriven.test.HalfEbdayTest@74ea2410]" started-at="2021-05-03T08:21:52 IST" name="setUp" finished-at="2021-05-03T08:22:01 IST" duration-ms="9387" status="PASS">
          <reporter-output>
          </reporter-output>
        </test-method> <!-- setUp -->
        <test-method signature="halfEbayRegPageTest(java.lang.String, java.lang.String, java.lang.String, java.lang.String, java.lang.String, java.lang.String, java.lang.String, java.lang.String)[pri:1, instance:com.datadriven.test.HalfEbdayTest@74ea2410]" started-at="2021-05-03T08:22:01 IST" name="halfEbayRegPageTest" data-provider="getTestData" finished-at="2021-05-03T08:22:04 IST" duration-ms="2361" status="PASS">
          <params>
            <param index="0">
              <value>
                <![CDATA[Amreen]]>
              </value>
            </param>
            <param index="1">
              <value>
                <![CDATA[T]]>
              </value>
            </param>
            <param index="2">
              <value>
                <![CDATA[15, new street]]>
              </value>
            </param>
            <param index="3">
              <value>
                <![CDATA[downtown]]>
              </value>
            </param>
            <param index="4">
              <value>
                <![CDATA[Sunnyvale]]>
              </value>
            </param>
            <param index="5">
              <value>
                <![CDATA[California]]>
              </value>
            </param>
            <param index="6">
              <value>
                <![CDATA[94088.0]]>
              </value>
            </param>
            <param index="7">
              <value>
                <![CDATA[test4@gmail.com]]>
              </value>
            </param>
          </params>
          <reporter-output>
          </reporter-output>
        </test-method> <!-- halfEbayRegPageTest -->
        <test-method is-config="true" signature="tearDown()[pri:0, instance:com.datadriven.test.HalfEbdayTest@74ea2410]" started-at="2021-05-03T08:22:04 IST" name="tearDown" finished-at="2021-05-03T08:22:05 IST" duration-ms="1295" status="PASS">
          <reporter-output>
          </reporter-output>
        </test-method> <!-- tearDown -->
      </class> <!-- com.datadriven.test.HalfEbdayTest -->
      <class name="com.parameters.ParameterTest">
        <test-method signature="yahooLoginTest(java.lang.String, java.lang.String, java.lang.String)[pri:0, instance:com.parameters.ParameterTest@25ce9dc4]" started-at="2021-05-03T08:15:47 IST" name="yahooLoginTest" finished-at="2021-05-03T08:16:11 IST" duration-ms="24083" status="PASS">
          <params>
            <param index="0">
              <value>
                <![CDATA[chrome]]>
              </value>
            </param>
            <param index="1">
              <value>
                <![CDATA[https://login.yahoo.com/]]>
              </value>
            </param>
            <param index="2">
              <value>
                <![CDATA[test@yahoo.com]]>
              </value>
            </param>
          </params>
          <reporter-output>
          </reporter-output>
        </test-method> <!-- yahooLoginTest -->
      </class> <!-- com.parameters.ParameterTest -->
    </test> <!-- Yahoo App Test -->
  </suite> <!-- Yahoo App Test Automation Suite -->
</testng-results>
